2020-03-20 11:51:06,222 INFO o.a.j.u.JMeterUtils: Setting Locale to en_EN
2020-03-20 11:51:06,246 INFO o.a.j.JMeter: Loading user properties from: user.properties
2020-03-20 11:51:06,248 INFO o.a.j.JMeter: Loading system properties from: system.properties
2020-03-20 11:51:06,250 INFO o.a.j.JMeter: Copyright (c) 1998-2019 The Apache Software Foundation
2020-03-20 11:51:06,250 INFO o.a.j.JMeter: Version 5.2.1
2020-03-20 11:51:06,250 INFO o.a.j.JMeter: java.version=1.8.0_221
2020-03-20 11:51:06,250 INFO o.a.j.JMeter: java.vm.name=Java HotSpot(TM) 64-Bit Server VM
2020-03-20 11:51:06,250 INFO o.a.j.JMeter: os.name=Windows 10
2020-03-20 11:51:06,250 INFO o.a.j.JMeter: os.arch=amd64
2020-03-20 11:51:06,250 INFO o.a.j.JMeter: os.version=10.0
2020-03-20 11:51:06,251 INFO o.a.j.JMeter: file.encoding=Cp1252
2020-03-20 11:51:06,251 INFO o.a.j.JMeter: java.awt.headless=null
2020-03-20 11:51:06,251 INFO o.a.j.JMeter: Max memory     =1073741824
2020-03-20 11:51:06,251 INFO o.a.j.JMeter: Available Processors =4
2020-03-20 11:51:06,260 INFO o.a.j.JMeter: Default Locale=English (EN)
2020-03-20 11:51:06,260 INFO o.a.j.JMeter: JMeter  Locale=English (EN)
2020-03-20 11:51:06,260 INFO o.a.j.JMeter: JMeterHome=D:\apache-jmeter-5.2.1\apache-jmeter-5.2.1
2020-03-20 11:51:06,260 INFO o.a.j.JMeter: user.dir  =D:\apache-jmeter-5.2.1\apache-jmeter-5.2.1\bin
2020-03-20 11:51:06,261 INFO o.a.j.JMeter: PWD       =D:\apache-jmeter-5.2.1\apache-jmeter-5.2.1\bin
2020-03-20 11:51:06,264 INFO o.a.j.JMeter: IP: 10.187.88.130 Name: DHA11ALIM5 FullName: DHA11ALIM5.ap.corp.yr.com
2020-03-20 11:51:07,142 INFO o.a.j.g.a.LookAndFeelCommand: Installing Darcula LAF
2020-03-20 11:51:07,180 INFO o.a.j.g.a.LookAndFeelCommand: Using look and feel: com.bulenkov.darcula.DarculaLaf [Darcula]
2020-03-20 11:51:07,180 INFO o.a.j.JMeter: Setting LAF to: com.bulenkov.darcula.DarculaLaf
2020-03-20 11:51:07,299 INFO o.a.j.JMeter: Loaded icon properties from org/apache/jmeter/images/icon.properties
2020-03-20 11:51:09,965 INFO o.a.j.p.h.s.HTTPSamplerBase: Parser for text/html is org.apache.jmeter.protocol.http.parser.LagartoBasedHtmlParser
2020-03-20 11:51:09,966 INFO o.a.j.p.h.s.HTTPSamplerBase: Parser for application/xhtml+xml is org.apache.jmeter.protocol.http.parser.LagartoBasedHtmlParser
2020-03-20 11:51:09,966 INFO o.a.j.p.h.s.HTTPSamplerBase: Parser for application/xml is org.apache.jmeter.protocol.http.parser.LagartoBasedHtmlParser
2020-03-20 11:51:09,966 INFO o.a.j.p.h.s.HTTPSamplerBase: Parser for text/xml is org.apache.jmeter.protocol.http.parser.LagartoBasedHtmlParser
2020-03-20 11:51:09,966 INFO o.a.j.p.h.s.HTTPSamplerBase: Parser for text/vnd.wap.wml is org.apache.jmeter.protocol.http.parser.RegexpHTMLParser
2020-03-20 11:51:09,966 INFO o.a.j.p.h.s.HTTPSamplerBase: Parser for text/css is org.apache.jmeter.protocol.http.parser.CssParser
2020-03-20 11:51:12,456 INFO o.a.j.e.KeyToolUtils: keytool found at 'keytool'
2020-03-20 11:51:12,457 INFO o.a.j.p.h.p.ProxyControl: HTTP(S) Test Script Recorder SSL Proxy will use keys that support embedded 3rd party resources in file D:\apache-jmeter-5.2.1\apache-jmeter-5.2.1\bin\proxyserver.jks
2020-03-20 11:51:12,635 INFO o.a.j.s.FileServer: Default base='D:\apache-jmeter-5.2.1\apache-jmeter-5.2.1\bin'
2020-03-20 11:51:13,604 INFO o.a.j.s.SampleResult: Note: Sample TimeStamps are START times
2020-03-20 11:51:13,604 INFO o.a.j.s.SampleResult: sampleresult.default.encoding is set to ISO-8859-1
2020-03-20 11:51:13,604 INFO o.a.j.s.SampleResult: sampleresult.useNanoTime=true
2020-03-20 11:51:13,604 INFO o.a.j.s.SampleResult: sampleresult.nanoThreadSleep=5000
